<?xml version="1.0" encoding="UTF-8"?>
<!-- Generated by org.testng.reporters.JUnitXMLReporter -->
<testsuite ignored="0" hostname="LAPTOP-OADT16FV" failures="0" tests="1" name="MsedgeTest" time="0.027" errors="0" timestamp="2022-05-24T21:50:45 IST">
  <testcase classname="packp.Paytm" name="@BeforeTest Browserlaunch" time="0.004">
    <failure type="java.lang.IllegalStateException" message="The path to the driver executable The path to the driver executable must be set by the webdriver.chrome.driver system property; for more information, see https://github.com/SeleniumHQ/selenium/wiki/ChromeDriver. The latest version can be downloaded from https://chromedriver.storage.googleapis.com/index.html">
      <![CDATA[java.lang.IllegalStateException: The path to the driver executable The path to the driver executable must be set by the webdriver.chrome.driver system property; for more information, see https://github.com/SeleniumHQ/selenium/wiki/ChromeDriver. The latest version can be downloaded from https://chromedriver.storage.googleapis.com/index.html
at org.openqa.selenium.internal.Require$StateChecker.nonNull(Require.java:311)
at org.openqa.selenium.remote.service.DriverService.findExecutable(DriverService.java:135)
at org.openqa.selenium.chrome.ChromeDriverService.access$000(ChromeDriverService.java:38)
at org.openqa.selenium.chrome.ChromeDriverService$Builder.findDefaultExecutable(ChromeDriverService.java:231)
at org.openqa.selenium.remote.service.DriverService$Builder.build(DriverService.java:437)
at org.openqa.selenium.chrome.ChromeDriverService.createDefaultService(ChromeDriverService.java:127)
at org.openqa.selenium.chrome.ChromeDriver.<init>(ChromeDriver.java:48)
at browsers.Base.openMsedgeBrowser(Base.java:17)
at packp.Paytm.Browserlaunch(Paytm.java:39)
... Removed 24 stack frames]]>
    </failure>
  </testcase> <!-- @BeforeTest Browserlaunch -->
  <testcase classname="packp.Paytm" name="@BeforeClass createPOMobject" time="0.0">
    <skipped/>
  </testcase> <!-- @BeforeClass createPOMobject -->
  <testcase classname="packp.Paytm" name="@BeforeMethod varifyHeaderp" time="0.0">
    <skipped/>
  </testcase> <!-- @BeforeMethod varifyHeaderp -->
  <testcase classname="packp.Paytm" name="@AfterMethod backtomainpage" time="0.0">
    <skipped/>
  </testcase> <!-- @AfterMethod backtomainpage -->
  <testcase classname="packp.Paytm" name="@AfterClass clearObject" time="0.0">
    <skipped/>
  </testcase> <!-- @AfterClass clearObject -->
  <testcase classname="packp.Paytm" name="@AfterTest closedBrower" time="0.0">
    <skipped/>
  </testcase> <!-- @AfterTest closedBrower -->
  <testcase classname="packp.Paytm" name="varifyRechargeandbills" time="0.0">
    <skipped/>
  </testcase> <!-- varifyRechargeandbills -->
</testsuite> <!-- MsedgeTest -->
