<?xml version="1.0" encoding="UTF-8"?>
<!-- Generated by org.testng.reporters.JUnitXMLReporter -->
<testsuite ignored="0" hostname="LAPTOP-OADT16FV" failures="0" tests="1" name="Default test" time="0.06" errors="0" timestamp="2022-05-24T22:55:19 IST">
  <testcase classname="packp.Paytm" name="@BeforeTest Browserlaunch" time="-1.653413119321E9">
    <failure type="org.testng.TestNGException" message="
Parameter &amp;apos;browserName&amp;apos; is required by BeforeTest on method Browserlaunch but has not been marked @Optional or defined
in C:\Users\VISHWA\AppData\Local\Temp\testng-eclipse--1820399512\testng-customsuite.xml">
      <![CDATA[org.testng.TestNGException: 
Parameter 'browserName' is required by BeforeTest on method Browserlaunch but has not been marked @Optional or defined
in C:\Users\VISHWA\AppData\Local\Temp\testng-eclipse--1820399512\testng-customsuite.xml
at org.testng.internal.Parameters.createParams(Parameters.java:268)
at org.testng.internal.Parameters.createParametersForMethod(Parameters.java:356)
at org.testng.internal.Parameters.createParameters(Parameters.java:700)
at org.testng.internal.Parameters.createConfigurationParameters(Parameters.java:166)
at org.testng.internal.ConfigInvoker.invokeConfigurations(ConfigInvoker.java:301)
at org.testng.TestRunner.invokeTestConfigurations(TestRunner.java:617)
at org.testng.TestRunner.beforeRun(TestRunner.java:607)
at org.testng.TestRunner.run(TestRunner.java:578)
at org.testng.SuiteRunner.runTest(SuiteRunner.java:384)
at org.testng.SuiteRunner.runSequentially(SuiteRunner.java:378)
at org.testng.SuiteRunner.privateRun(SuiteRunner.java:337)
at org.testng.SuiteRunner.run(SuiteRunner.java:286)
at org.testng.SuiteRunnerWorker.runSuite(SuiteRunnerWorker.java:53)
at org.testng.SuiteRunnerWorker.run(SuiteRunnerWorker.java:96)
at org.testng.TestNG.runSuitesSequentially(TestNG.java:1218)
at org.testng.TestNG.runSuitesLocally(TestNG.java:1140)
at org.testng.TestNG.runSuites(TestNG.java:1069)
at org.testng.TestNG.run(TestNG.java:1037)
at org.testng.remote.AbstractRemoteTestNG.run(AbstractRemoteTestNG.java:115)
at org.testng.remote.RemoteTestNG.initAndRun(RemoteTestNG.java:251)
at org.testng.remote.RemoteTestNG.main(RemoteTestNG.java:77)
]]>
    </failure>
  </testcase> <!-- @BeforeTest Browserlaunch -->
  <testcase classname="packp.Paytm" name="@BeforeClass createPOMobject" time="-1.653413119346E9">
    <skipped/>
  </testcase> <!-- @BeforeClass createPOMobject -->
  <testcase classname="packp.Paytm" name="@BeforeMethod varifyHeaderp" time="-1.653413119361E9">
    <skipped/>
  </testcase> <!-- @BeforeMethod varifyHeaderp -->
  <testcase classname="packp.Paytm" name="@AfterMethod backtomainpage" time="-1.653413119368E9">
    <skipped/>
  </testcase> <!-- @AfterMethod backtomainpage -->
  <testcase classname="packp.Paytm" name="@AfterClass clearObject" time="-1.65341311937E9">
    <skipped/>
  </testcase> <!-- @AfterClass clearObject -->
  <testcase classname="packp.Paytm" name="@AfterTest closedBrower" time="-1.653413119374E9">
    <skipped/>
  </testcase> <!-- @AfterTest closedBrower -->
  <testcase classname="packp.Paytm" name="varifyRechargeandbills" time="0.0">
    <skipped/>
  </testcase> <!-- varifyRechargeandbills -->
</testsuite> <!-- Default test -->
